<?xml version="1.0" encoding="UTF-8"?>
<!-- Generated by org.testng.reporters.JUnitReportReporter -->
<testsuite hostname="ThivakarDeivendran" failures="0" tests="5" name="testScriptPackage.TicketNewTestClass" time="51.432" errors="0" timestamp="2024-06-02T13:42:56 IST" skipped="0">
  <testcase classname="testScriptPackage.TicketNewTestClass" name="titleMethod" time="19.106"/>
  <system-out/>
  <testcase classname="testScriptPackage.TicketNewTestClass" name="chooseMovieMethod" time="10.405"/>
  <system-out/>
  <testcase classname="testScriptPackage.TicketNewTestClass" name="MovieTheatreAndTimeMethod" time="8.326"/>
  <system-out/>
  <testcase classname="testScriptPackage.TicketNewTestClass" name="SelectSeatMethod" time="6.189"/>
  <system-out/>
  <testcase classname="testScriptPackage.TicketNewTestClass" name="bookTicketConfirmMethod" time="7.406"/>
  <system-out/>
</testsuite> <!-- testScriptPackage.TicketNewTestClass -->
