<?xml version="1.0" encoding="UTF-8"?>
<!-- Generated by org.testng.reporters.JUnitReportReporter -->
<testsuite hostname="ThivakarDeivendran" failures="0" tests="5" name="testScriptPackage.TicketNewTestClass" time="63.710" errors="0" timestamp="2024-06-03T20:30:46 IST" skipped="0">
  <testcase classname="testScriptPackage.TicketNewTestClass" name="titleMethod" time="16.595"/>
  <system-out/>
  <testcase classname="testScriptPackage.TicketNewTestClass" name="chooseMovieMethod" time="19.006"/>
  <system-out/>
  <testcase classname="testScriptPackage.TicketNewTestClass" name="MovieTheatreAndTimeMethod" time="8.822"/>
  <system-out/>
  <testcase classname="testScriptPackage.TicketNewTestClass" name="SelectSeatMethod" time="6.443"/>
  <system-out/>
  <testcase classname="testScriptPackage.TicketNewTestClass" name="bookTicketConfirmMethod" time="12.844"/>
  <system-out/>
</testsuite> <!-- testScriptPackage.TicketNewTestClass -->
