<?xml version="1.0" encoding="UTF-8"?>
<!-- Generated by org.testng.reporters.JUnitReportReporter -->
<testsuite hostname="ThivakarDeivendran" failures="0" tests="5" name="testScriptPackage.TicketNewTestClass" time="57.674" errors="0" timestamp="2024-06-02T15:44:39 IST" skipped="0">
  <testcase classname="testScriptPackage.TicketNewTestClass" name="titleMethod" time="19.000"/>
  <system-out/>
  <testcase classname="testScriptPackage.TicketNewTestClass" name="chooseMovieMethod" time="11.042"/>
  <system-out/>
  <testcase classname="testScriptPackage.TicketNewTestClass" name="MovieTheatreAndTimeMethod" time="8.714"/>
  <system-out/>
  <testcase classname="testScriptPackage.TicketNewTestClass" name="SelectSeatMethod" time="6.292"/>
  <system-out/>
  <testcase classname="testScriptPackage.TicketNewTestClass" name="bookTicketConfirmMethod" time="12.626"/>
  <system-out/>
</testsuite> <!-- testScriptPackage.TicketNewTestClass -->
