<?xml version="1.0" encoding="UTF-8"?>
<!-- Generated by org.testng.reporters.JUnitReportReporter -->
<testsuite hostname="ThivakarDeivendran" failures="0" tests="5" name="testScriptPackage.TicketNewTestClass" time="62.141" errors="0" timestamp="2024-06-03T10:38:12 IST" skipped="0">
  <testcase classname="testScriptPackage.TicketNewTestClass" name="titleMethod" time="21.908"/>
  <system-out/>
  <testcase classname="testScriptPackage.TicketNewTestClass" name="chooseMovieMethod" time="11.351"/>
  <system-out/>
  <testcase classname="testScriptPackage.TicketNewTestClass" name="MovieTheatreAndTimeMethod" time="9.042"/>
  <system-out/>
  <testcase classname="testScriptPackage.TicketNewTestClass" name="SelectSeatMethod" time="6.684"/>
  <system-out/>
  <testcase classname="testScriptPackage.TicketNewTestClass" name="bookTicketConfirmMethod" time="13.156"/>
  <system-out/>
</testsuite> <!-- testScriptPackage.TicketNewTestClass -->
